<?xml version="1.0" encoding="UTF-8"?>
<!-- Generated by org.testng.reporters.JUnitXMLReporter -->
<testsuite ignored="0" hostname="Admin" failures="0" tests="4" name="Test" time="10.182" errors="0" timestamp="2023-01-24T05:52:56 IST">
  <testcase classname="com.ecommerce.test.IndexPageTest" name="RegistrationbtnTest" time="0.808"/>
  <testcase classname="com.ecommerce.test.IndexPageTest" name="verifyTitle" time="0.033"/>
  <testcase classname="com.ecommerce.test.IndexPageTest" name="validateDisplayLogo" time="0.073"/>
  <testcase classname="com.ecommerce.test.IndexPageTest" name="verifyLogoText" time="0.075"/>
</testsuite> <!-- Test -->
