<?xml version="1.0" encoding="UTF-8"?>
<!-- Generated by org.testng.reporters.JUnitXMLReporter -->
<testsuite ignored="0" hostname="Admin" failures="0" tests="3" name="Default test" time="0.17" errors="0" timestamp="2023-02-07T17:12:25 IST">
  <testcase classname="Test_BeforeTestAndBeforeMethod" name="firstTest" time="0.015"/>
  <testcase classname="Test_BeforeTestAndBeforeMethod" name="secondTest" time="0.008"/>
  <testcase classname="Test_BeforeTestAndBeforeMethod" name="thirdTest" time="0.008"/>
</testsuite> <!-- Default test -->
