<?xml version="1.0" encoding="UTF-8"?>
<!-- Generated by org.testng.reporters.JUnitXMLReporter -->
<testsuite ignored="0" hostname="Admin" failures="0" tests="2" name="Test2" time="15.111" errors="0" timestamp="2023-01-23T02:38:02 IST">
  <testcase classname="com.ecommerce.test.LoginPageTest" name="loginAccount" time="0.0">
    <skipped/>
  </testcase> <!-- loginAccount -->
  <testcase classname="com.ecommerce.test.LoginPageTest" name="loginAccount" time="0.0">
    <skipped/>
  </testcase> <!-- loginAccount -->
</testsuite> <!-- Test2 -->
