<?xml version="1.0" encoding="UTF-8"?>
<!-- Generated by org.testng.reporters.JUnitXMLReporter -->
<testsuite ignored="0" hostname="DESKTOP-717HI1J" failures="0" tests="4" name="Test" time="118.761" errors="0" timestamp="2023-02-10T00:29:16 IST">
  <testcase classname="com.ecommerce.test.IndexPageTest" name="RegistrationbtnTest" time="1.963"/>
  <testcase classname="com.ecommerce.test.IndexPageTest" name="verifyTitle" time="0.035"/>
  <testcase classname="com.ecommerce.test.IndexPageTest" name="validateDisplayLogo" time="0.327"/>
  <testcase classname="com.ecommerce.test.IndexPageTest" name="verifyLogoText" time="0.151"/>
</testsuite> <!-- Test -->
