<?xml version="1.0" encoding="UTF-8"?>
<!-- Generated by org.testng.reporters.JUnitXMLReporter -->
<testsuite ignored="0" hostname="Admin" failures="0" tests="4" name="Test" time="14.054" errors="0" timestamp="2023-01-24T02:42:05 IST">
  <testcase classname="com.ecommerce.test.IndexPageTest" name="RegistrationbtnTest" time="0.777"/>
  <testcase classname="com.ecommerce.test.IndexPageTest" name="verifyTitle" time="0.028"/>
  <testcase classname="com.ecommerce.test.IndexPageTest" name="validateDisplayLogo" time="0.076"/>
  <testcase classname="com.ecommerce.test.IndexPageTest" name="verifyLogoText" time="0.064"/>
</testsuite> <!-- Test -->
