<?xml version="1.0" encoding="UTF-8"?>
<!-- Generated by org.testng.reporters.JUnitXMLReporter -->
<testsuite ignored="1" hostname="DESKTOP-NK8MU45" failures="0" tests="3" name="Test(failed)" time="13.819" errors="0" timestamp="2023-01-12T17:24:18 IST">
  <testcase classname="com.ecommerce.tests.IndexPageTest" name="RegistrationbtnTest" time="1.614"/>
  <testcase classname="com.ecommerce.tests.IndexPageTest" name="verifyTitle" time="0.023"/>
  <testcase classname="com.ecommerce.tests.IndexPageTest" name="validateDisplayLogo" time="0.087"/>
  <testcase classname="com.ecommerce.tests.IndexPageTest" name="verifyLogoText" time="0.0">
    <ignored/>
  </testcase> <!-- verifyLogoText -->
</testsuite> <!-- Test(failed) -->
