<?xml version="1.0" encoding="UTF-8"?>
<testng-results ignored="0" total="8" passed="8" failed="0" skipped="0">
  <reporter-output>
  </reporter-output>
  <suite started-at="2023-01-24T05:52:17 IST" name="Suite" finished-at="2023-01-24T05:52:35 IST" duration-ms="17938">
    <groups>
    </groups>
    <test started-at="2023-01-24T05:52:17 IST" name="Test" finished-at="2023-01-24T05:52:35 IST" duration-ms="17938">
      <class name="com.ecommerce.test.RegistrationPageTest">
        <test-method is-config="true" signature="beforeSuit()[pri:0, instance:com.ecommerce.test.RegistrationPageTest@537f60bf]" started-at="2023-01-24T05:52:16 IST" name="beforeSuit" finished-at="2023-01-24T05:52:17 IST" duration-ms="450" status="PASS">
          <reporter-output>
          </reporter-output>
        </test-method> <!-- beforeSuit -->
        <test-method is-config="true" signature="setUp(java.lang.String)[pri:0, instance:com.ecommerce.test.RegistrationPageTest@537f60bf]" started-at="2023-01-24T05:52:19 IST" name="setUp" finished-at="2023-01-24T05:52:24 IST" duration-ms="5092" status="PASS">
          <params>
            <param index="0">
              <value>
                <![CDATA[edge]]>
              </value>
            </param>
          </params>
          <reporter-output>
          </reporter-output>
        </test-method> <!-- setUp -->
        <test-method signature="validateRegistration(java.util.HashMap)[pri:0, instance:com.ecommerce.test.RegistrationPageTest@537f60bf]" started-at="2023-01-24T05:52:24 IST" name="validateRegistration" data-provider="registration" finished-at="2023-01-24T05:52:28 IST" duration-ms="4165" status="PASS">
          <params>
            <param index="0">
              <value>
                <![CDATA[{month =8, firstName=salim, lastName=ali, password=123456, gender=Mr, year=1990, confirmPassword=123456, company=salim Ltd, day=17, email=salimchaudhary@gmail.com}]]>
              </value>
            </param>
          </params>
          <reporter-output>
          </reporter-output>
        </test-method> <!-- validateRegistration -->
        <test-method is-config="true" signature="tearDown()[pri:0, instance:com.ecommerce.test.RegistrationPageTest@537f60bf]" started-at="2023-01-24T05:52:28 IST" name="tearDown" finished-at="2023-01-24T05:52:28 IST" duration-ms="406" status="PASS">
          <reporter-output>
          </reporter-output>
        </test-method> <!-- tearDown -->
        <test-method is-config="true" signature="setUp(java.lang.String)[pri:0, instance:com.ecommerce.test.RegistrationPageTest@537f60bf]" started-at="2023-01-24T05:52:28 IST" name="setUp" finished-at="2023-01-24T05:52:31 IST" duration-ms="2966" status="PASS">
          <params>
            <param index="0">
              <value>
                <![CDATA[edge]]>
              </value>
            </param>
          </params>
          <reporter-output>
          </reporter-output>
        </test-method> <!-- setUp -->
        <test-method signature="validateRegistration(java.util.HashMap)[pri:0, instance:com.ecommerce.test.RegistrationPageTest@537f60bf]" started-at="2023-01-24T05:52:31 IST" name="validateRegistration" data-provider="registration" finished-at="2023-01-24T05:52:34 IST" duration-ms="3061" status="PASS">
          <params>
            <param index="0">
              <value>
                <![CDATA[{month =11, firstName=shabana, lastName=ali, password=123456, gender=Mrs, year=1992, confirmPassword=123456, company=shabana Ltd, day=5, email=shabanabegum@gmail.com}]]>
              </value>
            </param>
          </params>
          <reporter-output>
          </reporter-output>
        </test-method> <!-- validateRegistration -->
        <test-method is-config="true" signature="tearDown()[pri:0, instance:com.ecommerce.test.RegistrationPageTest@537f60bf]" started-at="2023-01-24T05:52:34 IST" name="tearDown" finished-at="2023-01-24T05:52:35 IST" duration-ms="358" status="PASS">
          <reporter-output>
          </reporter-output>
        </test-method> <!-- tearDown -->
      </class> <!-- com.ecommerce.test.RegistrationPageTest -->
    </test> <!-- Test -->
  </suite> <!-- Suite -->
  <suite started-at="2023-01-24T05:52:46 IST" name="Suite (1)" finished-at="2023-01-24T05:52:56 IST" duration-ms="10182">
    <groups>
    </groups>
    <test started-at="2023-01-24T05:52:46 IST" name="Test" finished-at="2023-01-24T05:52:56 IST" duration-ms="10182">
      <class name="com.ecommerce.test.IndexPageTest">
        <test-method is-config="true" signature="beforeSuit()[pri:0, instance:com.ecommerce.test.IndexPageTest@7674f035]" started-at="2023-01-24T05:52:46 IST" name="beforeSuit" finished-at="2023-01-24T05:52:46 IST" duration-ms="2" status="PASS">
          <reporter-output>
          </reporter-output>
        </test-method> <!-- beforeSuit -->
        <test-method is-config="true" signature="setUp(java.lang.String)[pri:0, instance:com.ecommerce.test.IndexPageTest@7674f035]" started-at="2023-01-24T05:52:46 IST" name="setUp" finished-at="2023-01-24T05:52:48 IST" duration-ms="2100" status="PASS">
          <params>
            <param index="0">
              <value>
                <![CDATA[chrome]]>
              </value>
            </param>
          </params>
          <reporter-output>
          </reporter-output>
        </test-method> <!-- setUp -->
        <test-method signature="RegistrationbtnTest()[pri:0, instance:com.ecommerce.test.IndexPageTest@7674f035]" started-at="2023-01-24T05:52:48 IST" name="RegistrationbtnTest" finished-at="2023-01-24T05:52:49 IST" duration-ms="808" status="PASS">
          <reporter-output>
          </reporter-output>
        </test-method> <!-- RegistrationbtnTest -->
        <test-method is-config="true" signature="tearDown()[pri:0, instance:com.ecommerce.test.IndexPageTest@7674f035]" started-at="2023-01-24T05:52:49 IST" name="tearDown" finished-at="2023-01-24T05:52:49 IST" duration-ms="214" status="PASS">
          <reporter-output>
          </reporter-output>
        </test-method> <!-- tearDown -->
        <test-method is-config="true" signature="setUp(java.lang.String)[pri:0, instance:com.ecommerce.test.IndexPageTest@7674f035]" started-at="2023-01-24T05:52:49 IST" name="setUp" finished-at="2023-01-24T05:52:51 IST" duration-ms="2054" status="PASS">
          <params>
            <param index="0">
              <value>
                <![CDATA[chrome]]>
              </value>
            </param>
          </params>
          <reporter-output>
          </reporter-output>
        </test-method> <!-- setUp -->
        <test-method signature="verifyTitle()[pri:1, instance:com.ecommerce.test.IndexPageTest@7674f035]" started-at="2023-01-24T05:52:51 IST" name="verifyTitle" finished-at="2023-01-24T05:52:51 IST" duration-ms="33" status="PASS">
          <reporter-output>
          </reporter-output>
        </test-method> <!-- verifyTitle -->
        <test-method is-config="true" signature="tearDown()[pri:0, instance:com.ecommerce.test.IndexPageTest@7674f035]" started-at="2023-01-24T05:52:51 IST" name="tearDown" finished-at="2023-01-24T05:52:51 IST" duration-ms="301" status="PASS">
          <reporter-output>
          </reporter-output>
        </test-method> <!-- tearDown -->
        <test-method is-config="true" signature="setUp(java.lang.String)[pri:0, instance:com.ecommerce.test.IndexPageTest@7674f035]" started-at="2023-01-24T05:52:51 IST" name="setUp" finished-at="2023-01-24T05:52:53 IST" duration-ms="1960" status="PASS">
          <params>
            <param index="0">
              <value>
                <![CDATA[chrome]]>
              </value>
            </param>
          </params>
          <reporter-output>
          </reporter-output>
        </test-method> <!-- setUp -->
        <test-method signature="validateDisplayLogo()[pri:3, instance:com.ecommerce.test.IndexPageTest@7674f035]" started-at="2023-01-24T05:52:53 IST" name="validateDisplayLogo" finished-at="2023-01-24T05:52:53 IST" duration-ms="73" status="PASS">
          <reporter-output>
          </reporter-output>
        </test-method> <!-- validateDisplayLogo -->
        <test-method is-config="true" signature="tearDown()[pri:0, instance:com.ecommerce.test.IndexPageTest@7674f035]" started-at="2023-01-24T05:52:53 IST" name="tearDown" finished-at="2023-01-24T05:52:53 IST" duration-ms="215" status="PASS">
          <reporter-output>
          </reporter-output>
        </test-method> <!-- tearDown -->
        <test-method is-config="true" signature="setUp(java.lang.String)[pri:0, instance:com.ecommerce.test.IndexPageTest@7674f035]" started-at="2023-01-24T05:52:53 IST" name="setUp" finished-at="2023-01-24T05:52:56 IST" duration-ms="2091" status="PASS">
          <params>
            <param index="0">
              <value>
                <![CDATA[chrome]]>
              </value>
            </param>
          </params>
          <reporter-output>
          </reporter-output>
        </test-method> <!-- setUp -->
        <test-method signature="verifyLogoText()[pri:3, instance:com.ecommerce.test.IndexPageTest@7674f035]" started-at="2023-01-24T05:52:56 IST" name="verifyLogoText" finished-at="2023-01-24T05:52:56 IST" duration-ms="75" status="PASS">
          <reporter-output>
          </reporter-output>
        </test-method> <!-- verifyLogoText -->
        <test-method is-config="true" signature="tearDown()[pri:0, instance:com.ecommerce.test.IndexPageTest@7674f035]" started-at="2023-01-24T05:52:56 IST" name="tearDown" finished-at="2023-01-24T05:52:56 IST" duration-ms="243" status="PASS">
          <reporter-output>
          </reporter-output>
        </test-method> <!-- tearDown -->
      </class> <!-- com.ecommerce.test.IndexPageTest -->
    </test> <!-- Test -->
  </suite> <!-- Suite (1) -->
  <suite started-at="2023-01-24T05:52:35 IST" name="Suite (0)" finished-at="2023-01-24T05:52:46 IST" duration-ms="10394">
    <groups>
    </groups>
    <test started-at="2023-01-24T05:52:35 IST" name="Test5" finished-at="2023-01-24T05:52:46 IST" duration-ms="10394">
      <class name="com.ecommerce.test.LoginPageTest">
        <test-method is-config="true" signature="beforeSuit()[pri:0, instance:com.ecommerce.test.LoginPageTest@7d0b7e3c]" started-at="2023-01-24T05:52:35 IST" name="beforeSuit" finished-at="2023-01-24T05:52:35 IST" duration-ms="1" status="PASS">
          <reporter-output>
          </reporter-output>
        </test-method> <!-- beforeSuit -->
        <test-method is-config="true" signature="setUp(java.lang.String)[pri:0, instance:com.ecommerce.test.LoginPageTest@7d0b7e3c]" started-at="2023-01-24T05:52:35 IST" name="setUp" finished-at="2023-01-24T05:52:38 IST" duration-ms="2315" status="PASS">
          <params>
            <param index="0">
              <value>
                <![CDATA[chrome]]>
              </value>
            </param>
          </params>
          <reporter-output>
          </reporter-output>
        </test-method> <!-- setUp -->
        <test-method signature="loginAccount(java.lang.String,java.lang.String)[pri:0, instance:com.ecommerce.test.LoginPageTest@7d0b7e3c]" started-at="2023-01-24T05:52:38 IST" name="loginAccount" data-provider="credential" finished-at="2023-01-24T05:52:41 IST" duration-ms="3143" status="PASS">
          <params>
            <param index="0">
              <value>
                <![CDATA[salimchaudhary@gmail.com]]>
              </value>
            </param>
            <param index="1">
              <value>
                <![CDATA[123456]]>
              </value>
            </param>
          </params>
          <reporter-output>
          </reporter-output>
        </test-method> <!-- loginAccount -->
        <test-method is-config="true" signature="tearDown()[pri:0, instance:com.ecommerce.test.LoginPageTest@7d0b7e3c]" started-at="2023-01-24T05:52:41 IST" name="tearDown" finished-at="2023-01-24T05:52:41 IST" duration-ms="291" status="PASS">
          <reporter-output>
          </reporter-output>
        </test-method> <!-- tearDown -->
        <test-method is-config="true" signature="setUp(java.lang.String)[pri:0, instance:com.ecommerce.test.LoginPageTest@7d0b7e3c]" started-at="2023-01-24T05:52:41 IST" name="setUp" finished-at="2023-01-24T05:52:43 IST" duration-ms="2071" status="PASS">
          <params>
            <param index="0">
              <value>
                <![CDATA[chrome]]>
              </value>
            </param>
          </params>
          <reporter-output>
          </reporter-output>
        </test-method> <!-- setUp -->
        <test-method signature="loginAccount(java.lang.String,java.lang.String)[pri:0, instance:com.ecommerce.test.LoginPageTest@7d0b7e3c]" started-at="2023-01-24T05:52:43 IST" name="loginAccount" data-provider="credential" finished-at="2023-01-24T05:52:45 IST" duration-ms="2205" status="PASS">
          <params>
            <param index="0">
              <value>
                <![CDATA[shabanabegum@gmail.com]]>
              </value>
            </param>
            <param index="1">
              <value>
                <![CDATA[123456]]>
              </value>
            </param>
          </params>
          <reporter-output>
          </reporter-output>
        </test-method> <!-- loginAccount -->
        <test-method is-config="true" signature="tearDown()[pri:0, instance:com.ecommerce.test.LoginPageTest@7d0b7e3c]" started-at="2023-01-24T05:52:45 IST" name="tearDown" finished-at="2023-01-24T05:52:46 IST" duration-ms="282" status="PASS">
          <reporter-output>
          </reporter-output>
        </test-method> <!-- tearDown -->
      </class> <!-- com.ecommerce.test.LoginPageTest -->
    </test> <!-- Test5 -->
  </suite> <!-- Suite (0) -->
</testng-results>
