<?xml version="1.0" encoding="UTF-8"?>
<testng-results ignored="2" total="10" passed="8" failed="0" skipped="0">
  <reporter-output>
  </reporter-output>
  <suite started-at="2023-02-10T00:31:32 IST" name="Surefire suite" finished-at="2023-02-10T00:36:33 IST" duration-ms="301027">
    <groups>
    </groups>
    <test started-at="2023-02-10T00:31:32 IST" name="Surefire test" finished-at="2023-02-10T00:36:33 IST" duration-ms="301027">
      <class name="com.ecommerce.test.RegistrationPageTest">
        <test-method is-config="true" signature="setUp()[pri:0, instance:com.ecommerce.test.RegistrationPageTest@28f3b248]" started-at="2023-02-10T00:35:35 IST" name="setUp" finished-at="2023-02-10T00:36:00 IST" duration-ms="24401" status="PASS">
          <reporter-output>
          </reporter-output>
        </test-method> <!-- setUp -->
        <test-method signature="validateRegistration(java.util.HashMap)[pri:0, instance:com.ecommerce.test.RegistrationPageTest@28f3b248]" started-at="2023-02-10T00:36:00 IST" name="validateRegistration" data-provider="registration" finished-at="2023-02-10T00:36:03 IST" duration-ms="3681" status="PASS">
          <params>
            <param index="0">
              <value>
                <![CDATA[{month =8, firstName=salim, lastName=ali, password=123456, gender=Mr, year=1990, confirmPassword=123456, company=salim Ltd, day=17, email=salimchaudhary@gmail.com}]]>
              </value>
            </param>
          </params>
          <reporter-output>
          </reporter-output>
        </test-method> <!-- validateRegistration -->
        <test-method is-config="true" signature="tearDown()[pri:0, instance:com.ecommerce.test.RegistrationPageTest@28f3b248]" started-at="2023-02-10T00:36:03 IST" name="tearDown" finished-at="2023-02-10T00:36:04 IST" duration-ms="628" status="PASS">
          <reporter-output>
          </reporter-output>
        </test-method> <!-- tearDown -->
        <test-method is-config="true" signature="setUp()[pri:0, instance:com.ecommerce.test.RegistrationPageTest@28f3b248]" started-at="2023-02-10T00:36:04 IST" name="setUp" finished-at="2023-02-10T00:36:30 IST" duration-ms="25526" status="PASS">
          <reporter-output>
          </reporter-output>
        </test-method> <!-- setUp -->
        <test-method signature="validateRegistration(java.util.HashMap)[pri:0, instance:com.ecommerce.test.RegistrationPageTest@28f3b248]" started-at="2023-02-10T00:36:30 IST" name="validateRegistration" data-provider="registration" finished-at="2023-02-10T00:36:33 IST" duration-ms="3482" status="PASS">
          <params>
            <param index="0">
              <value>
                <![CDATA[{month =11, firstName=shabana, lastName=ali, password=123456, gender=Mrs, year=1992, confirmPassword=123456, company=shabana Ltd, day=5, email=shabanabegum@gmail.com}]]>
              </value>
            </param>
          </params>
          <reporter-output>
          </reporter-output>
        </test-method> <!-- validateRegistration -->
        <test-method is-config="true" signature="tearDown()[pri:0, instance:com.ecommerce.test.RegistrationPageTest@28f3b248]" started-at="2023-02-10T00:36:33 IST" name="tearDown" finished-at="2023-02-10T00:36:33 IST" duration-ms="274" status="PASS">
          <reporter-output>
          </reporter-output>
        </test-method> <!-- tearDown -->
      </class> <!-- com.ecommerce.test.RegistrationPageTest -->
      <class name="com.ecommerce.test.IndexPageTest">
        <test-method is-config="true" signature="beforeSuit()[pri:0, instance:com.ecommerce.test.IndexPageTest@49c7b90e]" started-at="2023-02-10T00:31:32 IST" name="beforeSuit" finished-at="2023-02-10T00:31:32 IST" duration-ms="378" status="PASS">
          <reporter-output>
          </reporter-output>
        </test-method> <!-- beforeSuit -->
        <test-method is-config="true" signature="setUp()[pri:0, instance:com.ecommerce.test.IndexPageTest@49c7b90e]" started-at="2023-02-10T00:31:32 IST" name="setUp" finished-at="2023-02-10T00:32:13 IST" duration-ms="40229" status="PASS">
          <reporter-output>
          </reporter-output>
        </test-method> <!-- setUp -->
        <test-method signature="RegistrationbtnTest()[pri:0, instance:com.ecommerce.test.IndexPageTest@49c7b90e]" started-at="2023-02-10T00:32:13 IST" name="RegistrationbtnTest" finished-at="2023-02-10T00:32:14 IST" duration-ms="1504" status="PASS">
          <reporter-output>
          </reporter-output>
        </test-method> <!-- RegistrationbtnTest -->
        <test-method is-config="true" signature="tearDown()[pri:0, instance:com.ecommerce.test.IndexPageTest@49c7b90e]" started-at="2023-02-10T00:32:14 IST" name="tearDown" finished-at="2023-02-10T00:32:14 IST" duration-ms="250" status="PASS">
          <reporter-output>
          </reporter-output>
        </test-method> <!-- tearDown -->
        <test-method is-config="true" signature="setUp()[pri:0, instance:com.ecommerce.test.IndexPageTest@49c7b90e]" started-at="2023-02-10T00:32:14 IST" name="setUp" finished-at="2023-02-10T00:32:48 IST" duration-ms="34220" status="PASS">
          <reporter-output>
          </reporter-output>
        </test-method> <!-- setUp -->
        <test-method signature="verifyTitle()[pri:1, instance:com.ecommerce.test.IndexPageTest@49c7b90e]" started-at="2023-02-10T00:32:49 IST" name="verifyTitle" finished-at="2023-02-10T00:32:49 IST" duration-ms="89" status="PASS">
          <reporter-output>
          </reporter-output>
        </test-method> <!-- verifyTitle -->
        <test-method is-config="true" signature="tearDown()[pri:0, instance:com.ecommerce.test.IndexPageTest@49c7b90e]" started-at="2023-02-10T00:32:49 IST" name="tearDown" finished-at="2023-02-10T00:32:49 IST" duration-ms="437" status="PASS">
          <reporter-output>
          </reporter-output>
        </test-method> <!-- tearDown -->
        <test-method is-config="true" signature="setUp()[pri:0, instance:com.ecommerce.test.IndexPageTest@49c7b90e]" started-at="2023-02-10T00:32:49 IST" name="setUp" finished-at="2023-02-10T00:33:23 IST" duration-ms="34102" status="PASS">
          <reporter-output>
          </reporter-output>
        </test-method> <!-- setUp -->
        <test-method signature="validateDisplayLogo()[pri:3, instance:com.ecommerce.test.IndexPageTest@49c7b90e]" started-at="2023-02-10T00:33:23 IST" name="validateDisplayLogo" finished-at="2023-02-10T00:33:23 IST" duration-ms="143" status="PASS">
          <reporter-output>
          </reporter-output>
        </test-method> <!-- validateDisplayLogo -->
        <test-method is-config="true" signature="tearDown()[pri:0, instance:com.ecommerce.test.IndexPageTest@49c7b90e]" started-at="2023-02-10T00:33:23 IST" name="tearDown" finished-at="2023-02-10T00:33:24 IST" duration-ms="429" status="PASS">
          <reporter-output>
          </reporter-output>
        </test-method> <!-- tearDown -->
        <test-method is-config="true" signature="setUp()[pri:0, instance:com.ecommerce.test.IndexPageTest@49c7b90e]" started-at="2023-02-10T00:33:24 IST" name="setUp" finished-at="2023-02-10T00:34:12 IST" duration-ms="48709" status="PASS">
          <reporter-output>
          </reporter-output>
        </test-method> <!-- setUp -->
        <test-method signature="verifyLogoText()[pri:3, instance:com.ecommerce.test.IndexPageTest@49c7b90e]" started-at="2023-02-10T00:34:12 IST" name="verifyLogoText" finished-at="2023-02-10T00:34:13 IST" duration-ms="153" status="PASS">
          <reporter-output>
          </reporter-output>
        </test-method> <!-- verifyLogoText -->
        <test-method is-config="true" signature="tearDown()[pri:0, instance:com.ecommerce.test.IndexPageTest@49c7b90e]" started-at="2023-02-10T00:34:13 IST" name="tearDown" finished-at="2023-02-10T00:34:13 IST" duration-ms="640" status="PASS">
          <reporter-output>
          </reporter-output>
        </test-method> <!-- tearDown -->
      </class> <!-- com.ecommerce.test.IndexPageTest -->
      <class name="com.ecommerce.test.LoginPageTest">
        <test-method is-config="true" signature="setUp()[pri:0, instance:com.ecommerce.test.LoginPageTest@63a12c68]" started-at="2023-02-10T00:34:15 IST" name="setUp" finished-at="2023-02-10T00:34:52 IST" duration-ms="36974" status="PASS">
          <reporter-output>
          </reporter-output>
        </test-method> <!-- setUp -->
        <test-method signature="loginAccount(java.lang.String,java.lang.String)[pri:0, instance:com.ecommerce.test.LoginPageTest@63a12c68]" started-at="2023-02-10T00:34:52 IST" name="loginAccount" data-provider="credential" finished-at="2023-02-10T00:34:54 IST" duration-ms="2112" status="PASS">
          <params>
            <param index="0">
              <value>
                <![CDATA[salimchaudhary@gmail.com]]>
              </value>
            </param>
            <param index="1">
              <value>
                <![CDATA[123456]]>
              </value>
            </param>
          </params>
          <reporter-output>
          </reporter-output>
        </test-method> <!-- loginAccount -->
        <test-method is-config="true" signature="tearDown()[pri:0, instance:com.ecommerce.test.LoginPageTest@63a12c68]" started-at="2023-02-10T00:34:54 IST" name="tearDown" finished-at="2023-02-10T00:34:54 IST" duration-ms="282" status="PASS">
          <reporter-output>
          </reporter-output>
        </test-method> <!-- tearDown -->
        <test-method is-config="true" signature="setUp()[pri:0, instance:com.ecommerce.test.LoginPageTest@63a12c68]" started-at="2023-02-10T00:34:54 IST" name="setUp" finished-at="2023-02-10T00:35:32 IST" duration-ms="38089" status="PASS">
          <reporter-output>
          </reporter-output>
        </test-method> <!-- setUp -->
        <test-method signature="loginAccount(java.lang.String,java.lang.String)[pri:0, instance:com.ecommerce.test.LoginPageTest@63a12c68]" started-at="2023-02-10T00:35:32 IST" name="loginAccount" data-provider="credential" finished-at="2023-02-10T00:35:35 IST" duration-ms="2649" status="PASS">
          <params>
            <param index="0">
              <value>
                <![CDATA[shabanabegum@gmail.com]]>
              </value>
            </param>
            <param index="1">
              <value>
                <![CDATA[123456]]>
              </value>
            </param>
          </params>
          <reporter-output>
          </reporter-output>
        </test-method> <!-- loginAccount -->
        <test-method is-config="true" signature="tearDown()[pri:0, instance:com.ecommerce.test.LoginPageTest@63a12c68]" started-at="2023-02-10T00:35:35 IST" name="tearDown" finished-at="2023-02-10T00:35:35 IST" duration-ms="272" status="PASS">
          <reporter-output>
          </reporter-output>
        </test-method> <!-- tearDown -->
      </class> <!-- com.ecommerce.test.LoginPageTest -->
    </test> <!-- Surefire test -->
  </suite> <!-- Surefire suite -->
</testng-results>
