<?xml version="1.0" encoding="UTF-8"?>
<testng-results ignored="0" total="4" passed="4" failed="0" skipped="0">
  <reporter-output>
  </reporter-output>
  <suite started-at="2023-01-24T02:41:51 IST" name="Suite" finished-at="2023-01-24T02:42:05 IST" duration-ms="14054">
    <groups>
    </groups>
    <test started-at="2023-01-24T02:41:51 IST" name="Test" finished-at="2023-01-24T02:42:05 IST" duration-ms="14054">
      <class name="com.ecommerce.test.IndexPageTest">
        <test-method is-config="true" signature="beforeSuit()[pri:0, instance:com.ecommerce.test.IndexPageTest@7674f035]" started-at="2023-01-24T02:41:51 IST" name="beforeSuit" finished-at="2023-01-24T02:41:51 IST" duration-ms="481" status="PASS">
          <reporter-output>
          </reporter-output>
        </test-method> <!-- beforeSuit -->
        <test-method is-config="true" signature="setUp(java.lang.String)[pri:0, instance:com.ecommerce.test.IndexPageTest@7674f035]" started-at="2023-01-24T02:41:51 IST" name="setUp" finished-at="2023-01-24T02:41:57 IST" duration-ms="5536" status="PASS">
          <params>
            <param index="0">
              <value>
                <![CDATA[chrome]]>
              </value>
            </param>
          </params>
          <reporter-output>
          </reporter-output>
        </test-method> <!-- setUp -->
        <test-method signature="RegistrationbtnTest()[pri:0, instance:com.ecommerce.test.IndexPageTest@7674f035]" started-at="2023-01-24T02:41:57 IST" name="RegistrationbtnTest" finished-at="2023-01-24T02:41:57 IST" duration-ms="777" status="PASS">
          <reporter-output>
          </reporter-output>
        </test-method> <!-- RegistrationbtnTest -->
        <test-method is-config="true" signature="tearDown()[pri:0, instance:com.ecommerce.test.IndexPageTest@7674f035]" started-at="2023-01-24T02:41:57 IST" name="tearDown" finished-at="2023-01-24T02:41:58 IST" duration-ms="233" status="PASS">
          <reporter-output>
          </reporter-output>
        </test-method> <!-- tearDown -->
        <test-method is-config="true" signature="setUp(java.lang.String)[pri:0, instance:com.ecommerce.test.IndexPageTest@7674f035]" started-at="2023-01-24T02:41:58 IST" name="setUp" finished-at="2023-01-24T02:42:00 IST" duration-ms="2113" status="PASS">
          <params>
            <param index="0">
              <value>
                <![CDATA[chrome]]>
              </value>
            </param>
          </params>
          <reporter-output>
          </reporter-output>
        </test-method> <!-- setUp -->
        <test-method signature="verifyTitle()[pri:1, instance:com.ecommerce.test.IndexPageTest@7674f035]" started-at="2023-01-24T02:42:00 IST" name="verifyTitle" finished-at="2023-01-24T02:42:00 IST" duration-ms="28" status="PASS">
          <reporter-output>
          </reporter-output>
        </test-method> <!-- verifyTitle -->
        <test-method is-config="true" signature="tearDown()[pri:0, instance:com.ecommerce.test.IndexPageTest@7674f035]" started-at="2023-01-24T02:42:00 IST" name="tearDown" finished-at="2023-01-24T02:42:00 IST" duration-ms="310" status="PASS">
          <reporter-output>
          </reporter-output>
        </test-method> <!-- tearDown -->
        <test-method is-config="true" signature="setUp(java.lang.String)[pri:0, instance:com.ecommerce.test.IndexPageTest@7674f035]" started-at="2023-01-24T02:42:00 IST" name="setUp" finished-at="2023-01-24T02:42:02 IST" duration-ms="2137" status="PASS">
          <params>
            <param index="0">
              <value>
                <![CDATA[chrome]]>
              </value>
            </param>
          </params>
          <reporter-output>
          </reporter-output>
        </test-method> <!-- setUp -->
        <test-method signature="validateDisplayLogo()[pri:3, instance:com.ecommerce.test.IndexPageTest@7674f035]" started-at="2023-01-24T02:42:02 IST" name="validateDisplayLogo" finished-at="2023-01-24T02:42:02 IST" duration-ms="76" status="PASS">
          <reporter-output>
          </reporter-output>
        </test-method> <!-- validateDisplayLogo -->
        <test-method is-config="true" signature="tearDown()[pri:0, instance:com.ecommerce.test.IndexPageTest@7674f035]" started-at="2023-01-24T02:42:02 IST" name="tearDown" finished-at="2023-01-24T02:42:03 IST" duration-ms="247" status="PASS">
          <reporter-output>
          </reporter-output>
        </test-method> <!-- tearDown -->
        <test-method is-config="true" signature="setUp(java.lang.String)[pri:0, instance:com.ecommerce.test.IndexPageTest@7674f035]" started-at="2023-01-24T02:42:03 IST" name="setUp" finished-at="2023-01-24T02:42:05 IST" duration-ms="2145" status="PASS">
          <params>
            <param index="0">
              <value>
                <![CDATA[chrome]]>
              </value>
            </param>
          </params>
          <reporter-output>
          </reporter-output>
        </test-method> <!-- setUp -->
        <test-method signature="verifyLogoText()[pri:3, instance:com.ecommerce.test.IndexPageTest@7674f035]" started-at="2023-01-24T02:42:05 IST" name="verifyLogoText" finished-at="2023-01-24T02:42:05 IST" duration-ms="64" status="PASS">
          <reporter-output>
          </reporter-output>
        </test-method> <!-- verifyLogoText -->
        <test-method is-config="true" signature="tearDown()[pri:0, instance:com.ecommerce.test.IndexPageTest@7674f035]" started-at="2023-01-24T02:42:05 IST" name="tearDown" finished-at="2023-01-24T02:42:05 IST" duration-ms="303" status="PASS">
          <reporter-output>
          </reporter-output>
        </test-method> <!-- tearDown -->
      </class> <!-- com.ecommerce.test.IndexPageTest -->
    </test> <!-- Test -->
  </suite> <!-- Suite -->
</testng-results>
