<?xml version="1.0" encoding="UTF-8"?>
<testng-results ignored="0" total="4" passed="4" failed="0" skipped="0">
  <reporter-output>
  </reporter-output>
  <suite started-at="2023-02-10T00:27:18 IST" name="Suite" finished-at="2023-02-10T00:29:16 IST" duration-ms="118761">
    <groups>
    </groups>
    <test started-at="2023-02-10T00:27:18 IST" name="Test" finished-at="2023-02-10T00:29:16 IST" duration-ms="118761">
      <class name="com.ecommerce.test.IndexPageTest">
        <test-method is-config="true" signature="beforeSuit()[pri:0, instance:com.ecommerce.test.IndexPageTest@5b1669c0]" started-at="2023-02-10T00:27:17 IST" name="beforeSuit" finished-at="2023-02-10T00:27:18 IST" duration-ms="844" status="PASS">
          <reporter-output>
          </reporter-output>
        </test-method> <!-- beforeSuit -->
        <test-method is-config="true" signature="setUp()[pri:0, instance:com.ecommerce.test.IndexPageTest@5b1669c0]" started-at="2023-02-10T00:27:18 IST" name="setUp" finished-at="2023-02-10T00:28:15 IST" duration-ms="57119" status="PASS">
          <reporter-output>
          </reporter-output>
        </test-method> <!-- setUp -->
        <test-method signature="RegistrationbtnTest()[pri:0, instance:com.ecommerce.test.IndexPageTest@5b1669c0]" started-at="2023-02-10T00:28:15 IST" name="RegistrationbtnTest" finished-at="2023-02-10T00:28:17 IST" duration-ms="1963" status="PASS">
          <reporter-output>
          </reporter-output>
        </test-method> <!-- RegistrationbtnTest -->
        <test-method is-config="true" signature="tearDown()[pri:0, instance:com.ecommerce.test.IndexPageTest@5b1669c0]" started-at="2023-02-10T00:28:17 IST" name="tearDown" finished-at="2023-02-10T00:28:17 IST" duration-ms="646" status="PASS">
          <reporter-output>
          </reporter-output>
        </test-method> <!-- tearDown -->
        <test-method is-config="true" signature="setUp()[pri:0, instance:com.ecommerce.test.IndexPageTest@5b1669c0]" started-at="2023-02-10T00:28:17 IST" name="setUp" finished-at="2023-02-10T00:28:40 IST" duration-ms="22611" status="PASS">
          <reporter-output>
          </reporter-output>
        </test-method> <!-- setUp -->
        <test-method signature="verifyTitle()[pri:1, instance:com.ecommerce.test.IndexPageTest@5b1669c0]" started-at="2023-02-10T00:28:40 IST" name="verifyTitle" finished-at="2023-02-10T00:28:40 IST" duration-ms="35" status="PASS">
          <reporter-output>
          </reporter-output>
        </test-method> <!-- verifyTitle -->
        <test-method is-config="true" signature="tearDown()[pri:0, instance:com.ecommerce.test.IndexPageTest@5b1669c0]" started-at="2023-02-10T00:28:40 IST" name="tearDown" finished-at="2023-02-10T00:28:41 IST" duration-ms="747" status="PASS">
          <reporter-output>
          </reporter-output>
        </test-method> <!-- tearDown -->
        <test-method is-config="true" signature="setUp()[pri:0, instance:com.ecommerce.test.IndexPageTest@5b1669c0]" started-at="2023-02-10T00:28:41 IST" name="setUp" finished-at="2023-02-10T00:28:56 IST" duration-ms="15695" status="PASS">
          <reporter-output>
          </reporter-output>
        </test-method> <!-- setUp -->
        <test-method signature="validateDisplayLogo()[pri:3, instance:com.ecommerce.test.IndexPageTest@5b1669c0]" started-at="2023-02-10T00:28:56 IST" name="validateDisplayLogo" finished-at="2023-02-10T00:28:57 IST" duration-ms="327" status="PASS">
          <reporter-output>
          </reporter-output>
        </test-method> <!-- validateDisplayLogo -->
        <test-method is-config="true" signature="tearDown()[pri:0, instance:com.ecommerce.test.IndexPageTest@5b1669c0]" started-at="2023-02-10T00:28:57 IST" name="tearDown" finished-at="2023-02-10T00:28:57 IST" duration-ms="384" status="PASS">
          <reporter-output>
          </reporter-output>
        </test-method> <!-- tearDown -->
        <test-method is-config="true" signature="setUp()[pri:0, instance:com.ecommerce.test.IndexPageTest@5b1669c0]" started-at="2023-02-10T00:28:57 IST" name="setUp" finished-at="2023-02-10T00:29:15 IST" duration-ms="17644" status="PASS">
          <reporter-output>
          </reporter-output>
        </test-method> <!-- setUp -->
        <test-method signature="verifyLogoText()[pri:3, instance:com.ecommerce.test.IndexPageTest@5b1669c0]" started-at="2023-02-10T00:29:15 IST" name="verifyLogoText" finished-at="2023-02-10T00:29:15 IST" duration-ms="151" status="PASS">
          <reporter-output>
          </reporter-output>
        </test-method> <!-- verifyLogoText -->
        <test-method is-config="true" signature="tearDown()[pri:0, instance:com.ecommerce.test.IndexPageTest@5b1669c0]" started-at="2023-02-10T00:29:15 IST" name="tearDown" finished-at="2023-02-10T00:29:16 IST" duration-ms="1328" status="PASS">
          <reporter-output>
          </reporter-output>
        </test-method> <!-- tearDown -->
      </class> <!-- com.ecommerce.test.IndexPageTest -->
    </test> <!-- Test -->
  </suite> <!-- Suite -->
</testng-results>
